--------------------
./configure --prefix=/home/book/nfs_rootfs/app_code_of_Alon/10_freetype/zlib-1.2.11/tmp
Fri Mar 26 20:40:46 EDT 2021
Checking for gcc...
=== ztest7956.c ===
extern int getchar();
int hello() {return getchar();}
===
gcc -c ztest7956.c
... using gcc

Checking for obsessive-compulsive compiler options...
=== ztest7956.c ===
int foo() { return 0; }
===
gcc -c -O3 ztest7956.c

Checking for shared library support...
=== ztest7956.c ===
extern int getchar();
int hello() {return getchar();}
===
gcc -w -c -O3 -fPIC ztest7956.c
gcc -shared -Wl,-soname,libz.so.1,--version-script,zlib.map -O3 -fPIC -o ztest7956.so ztest7956.o
Building shared library libz.so.1.2.11 with gcc.

=== ztest7956.c ===
#include <stdio.h>
#include <stdlib.h>
size_t dummy = 0;
===
gcc -c -O3 ztest7956.c
Checking for size_t... Yes.


=== ztest7956.c ===
#include <sys/types.h>
off64_t dummy = 0;
===
gcc -c -O3 -D_LARGEFILE64_SOURCE=1 ztest7956.c
Checking for off64_t... Yes.
Checking for fseeko... Yes.

=== ztest7956.c ===
#include <string.h>
#include <errno.h>
int main() { return strlen(strerror(errno)); }
===
gcc -O3 -D_LARGEFILE64_SOURCE=1 -o ztest7956 ztest7956.c
Checking for strerror... Yes.

=== ztest7956.c ===
#include <unistd.h>
int main() { return 0; }
===
gcc -c -O3 -D_LARGEFILE64_SOURCE=1 ztest7956.c
Checking for unistd.h... Yes.

=== ztest7956.c ===
#include <stdarg.h>
int main() { return 0; }
===
gcc -c -O3 -D_LARGEFILE64_SOURCE=1 ztest7956.c
Checking for stdarg.h... Yes.

=== ztest7956.c ===
#include <stdio.h>
#include <stdarg.h>
#include "zconf.h"
int main()
{
#ifndef STDC
  choke me
#endif
  return 0;
}
===
gcc -c -O3 -D_LARGEFILE64_SOURCE=1 ztest7956.c
Checking whether to use vs[n]printf() or s[n]printf()... using vs[n]printf().

=== ztest7956.c ===
#include <stdio.h>
#include <stdarg.h>
int mytest(const char *fmt, ...)
{
  char buf[20];
  va_list ap;
  va_start(ap, fmt);
  vsnprintf(buf, sizeof(buf), fmt, ap);
  va_end(ap);
  return 0;
}
int main()
{
  return (mytest("Hello%d\n", 1));
}
===
gcc -O3 -D_LARGEFILE64_SOURCE=1 -o ztest7956 ztest7956.c
Checking for vsnprintf() in stdio.h... Yes.

=== ztest7956.c ===
#include <stdio.h>
#include <stdarg.h>
int mytest(const char *fmt, ...)
{
  int n;
  char buf[20];
  va_list ap;
  va_start(ap, fmt);
  n = vsnprintf(buf, sizeof(buf), fmt, ap);
  va_end(ap);
  return n;
}
int main()
{
  return (mytest("Hello%d\n", 1));
}
===
gcc -c -O3 -D_LARGEFILE64_SOURCE=1 ztest7956.c
Checking for return value of vsnprintf()... Yes.

=== ztest7956.c ===
#define ZLIB_INTERNAL __attribute__((visibility ("hidden")))
int ZLIB_INTERNAL foo;
int main()
{
  return 0;
}
===
gcc -c -O3 -D_LARGEFILE64_SOURCE=1 ztest7956.c
Checking for attribute(visibility) support... Yes.

ALL = static shared all64
AR = ar
ARFLAGS = rc
CC = gcc
CFLAGS = -O3 -D_LARGEFILE64_SOURCE=1 -DHAVE_HIDDEN
CPP = gcc -E
EXE =
LDCONFIG = ldconfig
LDFLAGS =
LDSHARED = gcc -shared -Wl,-soname,libz.so.1,--version-script,zlib.map
LDSHAREDLIBC = -lc
OBJC = $(OBJZ) $(OBJG)
PIC_OBJC = $(PIC_OBJZ) $(PIC_OBJG)
RANLIB = ranlib
SFLAGS = -O3 -fPIC -D_LARGEFILE64_SOURCE=1 -DHAVE_HIDDEN
SHAREDLIB = libz.so
SHAREDLIBM = libz.so.1
SHAREDLIBV = libz.so.1.2.11
STATICLIB = libz.a
TEST = all teststatic testshared test64
VER = 1.2.11
Z_U4 =
SRCDIR =
exec_prefix = ${prefix}
includedir = ${prefix}/include
libdir = ${exec_prefix}/lib
mandir = ${prefix}/share/man
prefix = /home/book/nfs_rootfs/app_code_of_Alon/10_freetype/zlib-1.2.11/tmp
sharedlibdir = ${libdir}
uname = Linux
--------------------


--------------------
./configure --prefix=/home/book/nfs_rootfs/app_code_of_Alon/10_freetype/zlib-1.2.11/tmp
Fri Mar 26 20:44:19 EDT 2021
=== ztest8335.c ===
extern int getchar();
int hello() {return getchar();}
===
arm-linux-gnueabihf-gcc -c ztest8335.c
... using gcc

Checking for obsessive-compulsive compiler options...
=== ztest8335.c ===
int foo() { return 0; }
===
arm-linux-gnueabihf-gcc -c -O3 ztest8335.c

Checking for shared library support...
=== ztest8335.c ===
extern int getchar();
int hello() {return getchar();}
===
arm-linux-gnueabihf-gcc -w -c -O3 -fPIC ztest8335.c
arm-linux-gnueabihf-gcc -shared -Wl,-soname,libz.so.1,--version-script,zlib.map -O3 -fPIC -o ztest8335.so ztest8335.o
Building shared library libz.so.1.2.11 with arm-linux-gnueabihf-gcc.

=== ztest8335.c ===
#include <stdio.h>
#include <stdlib.h>
size_t dummy = 0;
===
arm-linux-gnueabihf-gcc -c -O3 ztest8335.c
Checking for size_t... Yes.


=== ztest8335.c ===
#include <sys/types.h>
off64_t dummy = 0;
===
arm-linux-gnueabihf-gcc -c -O3 -D_LARGEFILE64_SOURCE=1 ztest8335.c
Checking for off64_t... Yes.
Checking for fseeko... Yes.

=== ztest8335.c ===
#include <string.h>
#include <errno.h>
int main() { return strlen(strerror(errno)); }
===
arm-linux-gnueabihf-gcc -O3 -D_LARGEFILE64_SOURCE=1 -o ztest8335 ztest8335.c
Checking for strerror... Yes.

=== ztest8335.c ===
#include <unistd.h>
int main() { return 0; }
===
arm-linux-gnueabihf-gcc -c -O3 -D_LARGEFILE64_SOURCE=1 ztest8335.c
Checking for unistd.h... Yes.

=== ztest8335.c ===
#include <stdarg.h>
int main() { return 0; }
===
arm-linux-gnueabihf-gcc -c -O3 -D_LARGEFILE64_SOURCE=1 ztest8335.c
Checking for stdarg.h... Yes.

=== ztest8335.c ===
#include <stdio.h>
#include <stdarg.h>
#include "zconf.h"
int main()
{
#ifndef STDC
  choke me
#endif
  return 0;
}
===
arm-linux-gnueabihf-gcc -c -O3 -D_LARGEFILE64_SOURCE=1 ztest8335.c
Checking whether to use vs[n]printf() or s[n]printf()... using vs[n]printf().

=== ztest8335.c ===
#include <stdio.h>
#include <stdarg.h>
int mytest(const char *fmt, ...)
{
  char buf[20];
  va_list ap;
  va_start(ap, fmt);
  vsnprintf(buf, sizeof(buf), fmt, ap);
  va_end(ap);
  return 0;
}
int main()
{
  return (mytest("Hello%d\n", 1));
}
===
arm-linux-gnueabihf-gcc -O3 -D_LARGEFILE64_SOURCE=1 -o ztest8335 ztest8335.c
Checking for vsnprintf() in stdio.h... Yes.

=== ztest8335.c ===
#include <stdio.h>
#include <stdarg.h>
int mytest(const char *fmt, ...)
{
  int n;
  char buf[20];
  va_list ap;
  va_start(ap, fmt);
  n = vsnprintf(buf, sizeof(buf), fmt, ap);
  va_end(ap);
  return n;
}
int main()
{
  return (mytest("Hello%d\n", 1));
}
===
arm-linux-gnueabihf-gcc -c -O3 -D_LARGEFILE64_SOURCE=1 ztest8335.c
Checking for return value of vsnprintf()... Yes.

=== ztest8335.c ===
#define ZLIB_INTERNAL __attribute__((visibility ("hidden")))
int ZLIB_INTERNAL foo;
int main()
{
  return 0;
}
===
arm-linux-gnueabihf-gcc -c -O3 -D_LARGEFILE64_SOURCE=1 ztest8335.c
Checking for attribute(visibility) support... Yes.

ALL = static shared all64
AR = ar
ARFLAGS = rc
CC = arm-linux-gnueabihf-gcc
CFLAGS = -O3 -D_LARGEFILE64_SOURCE=1 -DHAVE_HIDDEN
CPP = arm-linux-gnueabihf-gcc -E
EXE =
LDCONFIG = ldconfig
LDFLAGS =
LDSHARED = arm-linux-gnueabihf-gcc -shared -Wl,-soname,libz.so.1,--version-script,zlib.map
LDSHAREDLIBC = -lc
OBJC = $(OBJZ) $(OBJG)
PIC_OBJC = $(PIC_OBJZ) $(PIC_OBJG)
RANLIB = ranlib
SFLAGS = -O3 -fPIC -D_LARGEFILE64_SOURCE=1 -DHAVE_HIDDEN
SHAREDLIB = libz.so
SHAREDLIBM = libz.so.1
SHAREDLIBV = libz.so.1.2.11
STATICLIB = libz.a
TEST = all teststatic testshared test64
VER = 1.2.11
Z_U4 =
SRCDIR =
exec_prefix = ${prefix}
includedir = ${prefix}/include
libdir = ${exec_prefix}/lib
mandir = ${prefix}/share/man
prefix = /home/book/nfs_rootfs/app_code_of_Alon/10_freetype/zlib-1.2.11/tmp
sharedlibdir = ${libdir}
uname = Linux
--------------------


