This file contains any messages produced by compilers while
running configure, to aid debugging if configure makes a mistake.

It was created by tslib configure 1.21, which was
generated by GNU Autoconf 2.69.  Invocation command line was

  $ ./configure --host=arm-linux-gnueabihf --prefix=/

## --------- ##
## Platform. ##
## --------- ##

hostname = 100ask
uname -m = x86_64
uname -r = 5.4.0-70-generic
uname -s = Linux
uname -v = #78~18.04.1-Ubuntu SMP Sat Mar 20 14:10:07 UTC 2021

/usr/bin/uname -p = unknown
/bin/uname -X     = unknown

/bin/arch              = unknown
/usr/bin/arch -k       = unknown
/usr/convex/getsysinfo = unknown
/usr/bin/hostinfo      = unknown
/bin/machine           = unknown
/usr/bin/oslevel       = unknown
/bin/universe          = unknown

PATH: /usr/local/sbin
PATH: /usr/local/bin
PATH: /usr/sbin
PATH: /usr/bin
PATH: /sbin
PATH: /bin
PATH: /usr/games
PATH: /usr/local/games
PATH: /snap/bin
PATH: /home/book/100ask_imx6ull-sdk/ToolChain/gcc-linaro-6.2.1-2016.11-x86_64_arm-linux-gnueabihf/bin


## ----------- ##
## Core tests. ##
## ----------- ##

configure:2633: checking for a BSD-compatible install
configure:2701: result: /usr/bin/install -c
configure:2712: checking whether build environment is sane
configure:2767: result: yes
configure:2826: checking for arm-linux-gnueabihf-strip
configure:2842: found /home/book/100ask_imx6ull-sdk/ToolChain/gcc-linaro-6.2.1-2016.11-x86_64_arm-linux-gnueabihf/bin/arm-linux-gnueabihf-strip
configure:2853: result: arm-linux-gnueabihf-strip
configure:2918: checking for a thread-safe mkdir -p
configure:2957: result: /bin/mkdir -p
configure:2964: checking for gawk
configure:2994: result: no
configure:2964: checking for mawk
configure:2980: found /usr/bin/mawk
configure:2991: result: mawk
configure:3002: checking whether make sets $(MAKE)
configure:3024: result: yes
configure:3053: checking whether make supports nested variables
configure:3070: result: yes
configure:3207: checking whether make supports nested variables
configure:3224: result: yes
configure:3259: checking build system type
configure:3273: result: x86_64-pc-linux-gnu
configure:3293: checking host system type
configure:3306: result: arm-unknown-linux-gnueabihf
configure:3402: checking for arm-linux-gnueabihf-gcc
configure:3429: result: arm-linux-gnueabihf-gcc
configure:3698: checking for C compiler version
configure:3707: arm-linux-gnueabihf-gcc --version >&5
arm-linux-gnueabihf-gcc (Linaro GCC 6.2-2016.11) 6.2.1 20161016
Copyright (C) 2016 Free Software Foundation, Inc.
This is free software; see the source for copying conditions.  There is NO
warranty; not even for MERCHANTABILITY or FITNESS FOR A PARTICULAR PURPOSE.

configure:3718: $? = 0
configure:3707: arm-linux-gnueabihf-gcc -v >&5
Using built-in specs.
COLLECT_GCC=arm-linux-gnueabihf-gcc
COLLECT_LTO_WRAPPER=/home/book/100ask_imx6ull-sdk/ToolChain/gcc-linaro-6.2.1-2016.11-x86_64_arm-linux-gnueabihf/bin/../libexec/gcc/arm-linux-gnueabihf/6.2.1/lto-wrapper
Target: arm-linux-gnueabihf
Configured with: /home/tcwg-buildslave/workspace/tcwg-make-release/label/docker-trusty-amd64-tcwg-build/target/arm-linux-gnueabihf/snapshots/gcc-linaro-6.2-2016.11/configure SHELL=/bin/bash --with-mpc=/home/tcwg-buildslave/workspace/tcwg-make-release/label/docker-trusty-amd64-tcwg-build/target/arm-linux-gnueabihf/_build/builds/destdir/x86_64-unknown-linux-gnu --with-mpfr=/home/tcwg-buildslave/workspace/tcwg-make-release/label/docker-trusty-amd64-tcwg-build/target/arm-linux-gnueabihf/_build/builds/destdir/x86_64-unknown-linux-gnu --with-gmp=/home/tcwg-buildslave/workspace/tcwg-make-release/label/docker-trusty-amd64-tcwg-build/target/arm-linux-gnueabihf/_build/builds/destdir/x86_64-unknown-linux-gnu --with-gnu-as --with-gnu-ld --disable-libstdcxx-pch --disable-libmudflap --with-cloog=no --with-ppl=no --with-isl=no --disable-nls --enable-c99 --enable-gnu-indirect-function --disable-multilib --with-tune=cortex-a9 --with-arch=armv7-a --with-fpu=vfpv3-d16 --with-float=hard --with-mode=thumb --enable-multiarch --with-build-sysroot=/home/tcwg-buildslave/workspace/tcwg-make-release/label/docker-trusty-amd64-tcwg-build/target/arm-linux-gnueabihf/_build/sysroots/arm-linux-gnueabihf --enable-lto --enable-linker-build-id --enable-long-long --enable-shared --with-sysroot=/home/tcwg-buildslave/workspace/tcwg-make-release/label/docker-trusty-amd64-tcwg-build/target/arm-linux-gnueabihf/_build/builds/destdir/x86_64-unknown-linux-gnu/arm-linux-gnueabihf/libc --enable-languages=c,c++,fortran,lto --enable-checking=release --disable-bootstrap --build=x86_64-unknown-linux-gnu --host=x86_64-unknown-linux-gnu --target=arm-linux-gnueabihf --prefix=/home/tcwg-buildslave/workspace/tcwg-make-release/label/docker-trusty-amd64-tcwg-build/target/arm-linux-gnueabihf/_build/builds/destdir/x86_64-unknown-linux-gnu
Thread model: posix
gcc version 6.2.1 20161016 (Linaro GCC 6.2-2016.11) 
configure:3718: $? = 0
configure:3707: arm-linux-gnueabihf-gcc -V >&5
arm-linux-gnueabihf-gcc: error: unrecognized command line option '-V'
arm-linux-gnueabihf-gcc: fatal error: no input files
compilation terminated.
configure:3718: $? = 1
configure:3707: arm-linux-gnueabihf-gcc -qversion >&5
arm-linux-gnueabihf-gcc: error: unrecognized command line option '-qversion'; did you mean '--version'?
arm-linux-gnueabihf-gcc: fatal error: no input files
compilation terminated.
configure:3718: $? = 1
configure:3738: checking whether the C compiler works
configure:3760: arm-linux-gnueabihf-gcc -O2 -Wall -W -fPIC   conftest.c  >&5
configure:3764: $? = 0
configure:3812: result: yes
configure:3815: checking for C compiler default output file name
configure:3817: result: a.out
configure:3823: checking for suffix of executables
configure:3830: arm-linux-gnueabihf-gcc -o conftest -O2 -Wall -W -fPIC   conftest.c  >&5
configure:3834: $? = 0
configure:3856: result: 
configure:3878: checking whether we are cross compiling
configure:3886: arm-linux-gnueabihf-gcc -o conftest -O2 -Wall -W -fPIC   conftest.c  >&5
configure:3890: $? = 0
configure:3897: ./conftest
./configure: line 3899: ./conftest: cannot execute binary file: Exec format error
configure:3901: $? = 126
configure:3916: result: yes
configure:3921: checking for suffix of object files
configure:3943: arm-linux-gnueabihf-gcc -c -O2 -Wall -W -fPIC  conftest.c >&5
configure:3947: $? = 0
configure:3968: result: o
configure:3972: checking whether we are using the GNU C compiler
configure:3991: arm-linux-gnueabihf-gcc -c -O2 -Wall -W -fPIC  conftest.c >&5
configure:3991: $? = 0
configure:4000: result: yes
configure:4009: checking whether arm-linux-gnueabihf-gcc accepts -g
configure:4029: arm-linux-gnueabihf-gcc -c -g  conftest.c >&5
configure:4029: $? = 0
configure:4070: result: yes
configure:4087: checking for arm-linux-gnueabihf-gcc option to accept ISO C89
configure:4150: arm-linux-gnueabihf-gcc  -c -O2 -Wall -W -fPIC  conftest.c >&5
configure:4150: $? = 0
configure:4163: result: none needed
configure:4188: checking whether arm-linux-gnueabihf-gcc understands -c and -o together
configure:4210: arm-linux-gnueabihf-gcc -c conftest.c -o conftest2.o
configure:4213: $? = 0
configure:4210: arm-linux-gnueabihf-gcc -c conftest.c -o conftest2.o
configure:4213: $? = 0
configure:4225: result: yes
configure:4253: checking for style of include used by make
configure:4281: result: GNU
configure:4307: checking dependency style of arm-linux-gnueabihf-gcc
configure:4418: result: none
configure:4438: checking how to run the C preprocessor
configure:4469: arm-linux-gnueabihf-gcc -E  conftest.c
configure:4469: $? = 0
configure:4483: arm-linux-gnueabihf-gcc -E  conftest.c
conftest.c:11:28: fatal error: ac_nonexistent.h: No such file or directory
 #include <ac_nonexistent.h>
                            ^
compilation terminated.
configure:4483: $? = 1
configure: failed program was:
| /* confdefs.h */
| #define PACKAGE_NAME "tslib"
| #define PACKAGE_TARNAME "tslib"
| #define PACKAGE_VERSION "1.21"
| #define PACKAGE_STRING "tslib 1.21"
| #define PACKAGE_BUGREPORT "tslib@lists.infradead.org"
| #define PACKAGE_URL "http://tslib.org"
| #define PACKAGE "tslib"
| #define VERSION "1.21"
| /* end confdefs.h.  */
| #include <ac_nonexistent.h>
configure:4508: result: arm-linux-gnueabihf-gcc -E
configure:4528: arm-linux-gnueabihf-gcc -E  conftest.c
configure:4528: $? = 0
configure:4542: arm-linux-gnueabihf-gcc -E  conftest.c
conftest.c:11:28: fatal error: ac_nonexistent.h: No such file or directory
 #include <ac_nonexistent.h>
                            ^
compilation terminated.
configure:4542: $? = 1
configure: failed program was:
| /* confdefs.h */
| #define PACKAGE_NAME "tslib"
| #define PACKAGE_TARNAME "tslib"
| #define PACKAGE_VERSION "1.21"
| #define PACKAGE_STRING "tslib 1.21"
| #define PACKAGE_BUGREPORT "tslib@lists.infradead.org"
| #define PACKAGE_URL "http://tslib.org"
| #define PACKAGE "tslib"
| #define VERSION "1.21"
| /* end confdefs.h.  */
| #include <ac_nonexistent.h>
configure:4574: checking whether the C compiler supports -fvisibility=hidden
configure:4591: arm-linux-gnueabihf-gcc -c -fvisibility=hidden -O2 -Wall -W -fPIC  conftest.c >&5
configure:4591: $? = 0
configure:4599: result: yes
configure:4607: checking whether to use -fvisibility=hidden
configure:4620: result: yes
configure:4630: checking whether ln -s works
configure:4634: result: yes
configure:4641: checking whether make sets $(MAKE)
configure:4663: result: yes
configure:4784: checking how to print strings
configure:4811: result: printf
configure:4832: checking for a sed that does not truncate output
configure:4896: result: /bin/sed
configure:4914: checking for grep that handles long lines and -e
configure:4972: result: /bin/grep
configure:4977: checking for egrep
configure:5039: result: /bin/grep -E
configure:5044: checking for fgrep
configure:5106: result: /bin/grep -F
configure:5141: checking for ld used by arm-linux-gnueabihf-gcc
configure:5208: result: /home/book/100ask_imx6ull-sdk/ToolChain/gcc-linaro-6.2.1-2016.11-x86_64_arm-linux-gnueabihf/arm-linux-gnueabihf/bin/ld
configure:5215: checking if the linker (/home/book/100ask_imx6ull-sdk/ToolChain/gcc-linaro-6.2.1-2016.11-x86_64_arm-linux-gnueabihf/arm-linux-gnueabihf/bin/ld) is GNU ld
configure:5230: result: yes
configure:5242: checking for BSD- or MS-compatible name lister (nm)
configure:5296: result: /home/book/100ask_imx6ull-sdk/ToolChain/gcc-linaro-6.2.1-2016.11-x86_64_arm-linux-gnueabihf/bin/arm-linux-gnueabihf-nm -B
configure:5426: checking the name lister (/home/book/100ask_imx6ull-sdk/ToolChain/gcc-linaro-6.2.1-2016.11-x86_64_arm-linux-gnueabihf/bin/arm-linux-gnueabihf-nm -B) interface
configure:5433: arm-linux-gnueabihf-gcc -c -DGCC_HASCLASSVISIBILITY -O2 -Wall -W -fPIC  conftest.c >&5
configure:5436: /home/book/100ask_imx6ull-sdk/ToolChain/gcc-linaro-6.2.1-2016.11-x86_64_arm-linux-gnueabihf/bin/arm-linux-gnueabihf-nm -B "conftest.o"
configure:5439: output
00000000 B some_variable
configure:5446: result: BSD nm
configure:5450: checking the maximum length of command line arguments
configure:5581: result: 1572864
configure:5629: checking how to convert x86_64-pc-linux-gnu file names to arm-unknown-linux-gnueabihf format
configure:5669: result: func_convert_file_noop
configure:5676: checking how to convert x86_64-pc-linux-gnu file names to toolchain format
configure:5696: result: func_convert_file_noop
configure:5703: checking for /home/book/100ask_imx6ull-sdk/ToolChain/gcc-linaro-6.2.1-2016.11-x86_64_arm-linux-gnueabihf/arm-linux-gnueabihf/bin/ld option to reload object files
configure:5710: result: -r
configure:5744: checking for arm-linux-gnueabihf-objdump
configure:5760: found /home/book/100ask_imx6ull-sdk/ToolChain/gcc-linaro-6.2.1-2016.11-x86_64_arm-linux-gnueabihf/bin/arm-linux-gnueabihf-objdump
configure:5771: result: arm-linux-gnueabihf-objdump
configure:5843: checking how to recognize dependent libraries
configure:6043: result: pass_all
configure:6088: checking for arm-linux-gnueabihf-dlltool
configure:6118: result: no
configure:6128: checking for dlltool
configure:6158: result: no
configure:6188: checking how to associate runtime and link libraries
configure:6215: result: printf %s\n
configure:6231: checking for arm-linux-gnueabihf-ar
configure:6247: found /home/book/100ask_imx6ull-sdk/ToolChain/gcc-linaro-6.2.1-2016.11-x86_64_arm-linux-gnueabihf/bin/arm-linux-gnueabihf-ar
configure:6258: result: arm-linux-gnueabihf-ar
configure:6339: checking for archiver @FILE support
configure:6356: arm-linux-gnueabihf-gcc -c -DGCC_HASCLASSVISIBILITY -O2 -Wall -W -fPIC  conftest.c >&5
configure:6356: $? = 0
configure:6359: arm-linux-gnueabihf-ar cru libconftest.a @conftest.lst >&5
configure:6362: $? = 0
configure:6367: arm-linux-gnueabihf-ar cru libconftest.a @conftest.lst >&5
arm-linux-gnueabihf-ar: conftest.o: No such file or directory
configure:6370: $? = 1
configure:6382: result: @
configure:6400: checking for arm-linux-gnueabihf-strip
configure:6427: result: arm-linux-gnueabihf-strip
configure:6499: checking for arm-linux-gnueabihf-ranlib
configure:6515: found /home/book/100ask_imx6ull-sdk/ToolChain/gcc-linaro-6.2.1-2016.11-x86_64_arm-linux-gnueabihf/bin/arm-linux-gnueabihf-ranlib
configure:6526: result: arm-linux-gnueabihf-ranlib
configure:6668: checking command to parse /home/book/100ask_imx6ull-sdk/ToolChain/gcc-linaro-6.2.1-2016.11-x86_64_arm-linux-gnueabihf/bin/arm-linux-gnueabihf-nm -B output from arm-linux-gnueabihf-gcc object
configure:6821: arm-linux-gnueabihf-gcc -c -DGCC_HASCLASSVISIBILITY -O2 -Wall -W -fPIC  conftest.c >&5
configure:6824: $? = 0
configure:6828: /home/book/100ask_imx6ull-sdk/ToolChain/gcc-linaro-6.2.1-2016.11-x86_64_arm-linux-gnueabihf/bin/arm-linux-gnueabihf-nm -B conftest.o \| sed -n -e 's/^.*[ ]\([ABCDGIRSTW][ABCDGIRSTW]*\)[ ][ ]*\([_A-Za-z][_A-Za-z0-9]*\)$/\1 \2 \2/p' | sed '/ __gnu_lto/d' \> conftest.nm
configure:6831: $? = 0
configure:6897: arm-linux-gnueabihf-gcc -o conftest -DGCC_HASCLASSVISIBILITY -O2 -Wall -W -fPIC   conftest.c conftstm.o >&5
configure:6900: $? = 0
configure:6938: result: ok
configure:6985: checking for sysroot
configure:7015: result: no
configure:7022: checking for a working dd
configure:7060: result: /bin/dd
configure:7064: checking how to truncate binary pipes
configure:7079: result: /bin/dd bs=4096 count=1
configure:7368: checking for arm-linux-gnueabihf-mt
configure:7398: result: no
configure:7408: checking for mt
configure:7424: found /bin/mt
configure:7435: result: mt
configure:7447: WARNING: using cross tools not prefixed with host triplet
configure:7458: checking if mt is a manifest tool
configure:7464: mt '-?'
configure:7472: result: no
configure:8145: checking for ANSI C header files
configure:8165: arm-linux-gnueabihf-gcc -c -DGCC_HASCLASSVISIBILITY -O2 -Wall -W -fPIC  conftest.c >&5
configure:8165: $? = 0
configure:8249: result: yes
configure:8262: checking for sys/types.h
configure:8262: arm-linux-gnueabihf-gcc -c -DGCC_HASCLASSVISIBILITY -O2 -Wall -W -fPIC  conftest.c >&5
configure:8262: $? = 0
configure:8262: result: yes
configure:8262: checking for sys/stat.h
configure:8262: arm-linux-gnueabihf-gcc -c -DGCC_HASCLASSVISIBILITY -O2 -Wall -W -fPIC  conftest.c >&5
configure:8262: $? = 0
configure:8262: result: yes
configure:8262: checking for stdlib.h
configure:8262: arm-linux-gnueabihf-gcc -c -DGCC_HASCLASSVISIBILITY -O2 -Wall -W -fPIC  conftest.c >&5
configure:8262: $? = 0
configure:8262: result: yes
configure:8262: checking for string.h
configure:8262: arm-linux-gnueabihf-gcc -c -DGCC_HASCLASSVISIBILITY -O2 -Wall -W -fPIC  conftest.c >&5
configure:8262: $? = 0
configure:8262: result: yes
configure:8262: checking for memory.h
configure:8262: arm-linux-gnueabihf-gcc -c -DGCC_HASCLASSVISIBILITY -O2 -Wall -W -fPIC  conftest.c >&5
configure:8262: $? = 0
configure:8262: result: yes
configure:8262: checking for strings.h
configure:8262: arm-linux-gnueabihf-gcc -c -DGCC_HASCLASSVISIBILITY -O2 -Wall -W -fPIC  conftest.c >&5
configure:8262: $? = 0
configure:8262: result: yes
configure:8262: checking for inttypes.h
configure:8262: arm-linux-gnueabihf-gcc -c -DGCC_HASCLASSVISIBILITY -O2 -Wall -W -fPIC  conftest.c >&5
configure:8262: $? = 0
configure:8262: result: yes
configure:8262: checking for stdint.h
configure:8262: arm-linux-gnueabihf-gcc -c -DGCC_HASCLASSVISIBILITY -O2 -Wall -W -fPIC  conftest.c >&5
configure:8262: $? = 0
configure:8262: result: yes
configure:8262: checking for unistd.h
configure:8262: arm-linux-gnueabihf-gcc -c -DGCC_HASCLASSVISIBILITY -O2 -Wall -W -fPIC  conftest.c >&5
configure:8262: $? = 0
configure:8262: result: yes
configure:8276: checking for dlfcn.h
configure:8276: arm-linux-gnueabihf-gcc -c -DGCC_HASCLASSVISIBILITY -O2 -Wall -W -fPIC  conftest.c >&5
configure:8276: $? = 0
configure:8276: result: yes
configure:8470: checking for objdir
configure:8485: result: .libs
configure:8749: checking if arm-linux-gnueabihf-gcc supports -fno-rtti -fno-exceptions
configure:8767: arm-linux-gnueabihf-gcc -c -DGCC_HASCLASSVISIBILITY -O2 -Wall -W -fPIC  -fno-rtti -fno-exceptions conftest.c >&5
cc1: warning: command line option '-fno-rtti' is valid for C++/ObjC++ but not for C
configure:8771: $? = 0
configure:8784: result: no
configure:9142: checking for arm-linux-gnueabihf-gcc option to produce PIC
configure:9149: result: -fPIC -DPIC
configure:9157: checking if arm-linux-gnueabihf-gcc PIC flag -fPIC -DPIC works
configure:9175: arm-linux-gnueabihf-gcc -c -DGCC_HASCLASSVISIBILITY -O2 -Wall -W -fPIC  -fPIC -DPIC -DPIC conftest.c >&5
configure:9179: $? = 0
configure:9192: result: yes
configure:9221: checking if arm-linux-gnueabihf-gcc static flag -static works
configure:9249: result: yes
configure:9264: checking if arm-linux-gnueabihf-gcc supports -c -o file.o
configure:9285: arm-linux-gnueabihf-gcc -c -DGCC_HASCLASSVISIBILITY -O2 -Wall -W -fPIC  -o out/conftest2.o conftest.c >&5
configure:9289: $? = 0
configure:9311: result: yes
configure:9319: checking if arm-linux-gnueabihf-gcc supports -c -o file.o
configure:9366: result: yes
configure:9399: checking whether the arm-linux-gnueabihf-gcc linker (/home/book/100ask_imx6ull-sdk/ToolChain/gcc-linaro-6.2.1-2016.11-x86_64_arm-linux-gnueabihf/arm-linux-gnueabihf/bin/ld) supports shared libraries
configure:10662: result: yes
configure:10699: checking whether -lc should be explicitly linked in
configure:10707: arm-linux-gnueabihf-gcc -c -DGCC_HASCLASSVISIBILITY -O2 -Wall -W -fPIC  conftest.c >&5
configure:10710: $? = 0
configure:10725: arm-linux-gnueabihf-gcc -shared  -fPIC -DPIC conftest.o  -v -Wl,-soname -Wl,conftest -o conftest 2\>\&1 \| /bin/grep  -lc  \>/dev/null 2\>\&1
configure:10728: $? = 0
configure:10742: result: no
configure:10902: checking dynamic linker characteristics
configure:11483: arm-linux-gnueabihf-gcc -o conftest -DGCC_HASCLASSVISIBILITY -O2 -Wall -W -fPIC   -Wl,-rpath -Wl,/foo conftest.c  >&5
configure:11483: $? = 0
configure:11732: result: GNU/Linux ld.so
configure:11854: checking how to hardcode library paths into programs
configure:11879: result: immediate
configure:11981: checking for shl_load
configure:11981: arm-linux-gnueabihf-gcc -o conftest -DGCC_HASCLASSVISIBILITY -O2 -Wall -W -fPIC   conftest.c  >&5
/tmp/cc2O6Xq5.o: In function `main':
conftest.c:(.text.startup+0x2): undefined reference to `shl_load'
collect2: error: ld returned 1 exit status
configure:11981: $? = 1
configure: failed program was:
| /* confdefs.h */
| #define PACKAGE_NAME "tslib"
| #define PACKAGE_TARNAME "tslib"
| #define PACKAGE_VERSION "1.21"
| #define PACKAGE_STRING "tslib 1.21"
| #define PACKAGE_BUGREPORT "tslib@lists.infradead.org"
| #define PACKAGE_URL "http://tslib.org"
| #define PACKAGE "tslib"
| #define VERSION "1.21"
| #define STDC_HEADERS 1
| #define HAVE_SYS_TYPES_H 1
| #define HAVE_SYS_STAT_H 1
| #define HAVE_STDLIB_H 1
| #define HAVE_STRING_H 1
| #define HAVE_MEMORY_H 1
| #define HAVE_STRINGS_H 1
| #define HAVE_INTTYPES_H 1
| #define HAVE_STDINT_H 1
| #define HAVE_UNISTD_H 1
| #define HAVE_DLFCN_H 1
| #define LT_OBJDIR ".libs/"
| /* end confdefs.h.  */
| /* Define shl_load to an innocuous variant, in case <limits.h> declares shl_load.
|    For example, HP-UX 11i <limits.h> declares gettimeofday.  */
| #define shl_load innocuous_shl_load
| 
| /* System header to define __stub macros and hopefully few prototypes,
|     which can conflict with char shl_load (); below.
|     Prefer <limits.h> to <assert.h> if __STDC__ is defined, since
|     <limits.h> exists even on freestanding compilers.  */
| 
| #ifdef __STDC__
| # include <limits.h>
| #else
| # include <assert.h>
| #endif
| 
| #undef shl_load
| 
| /* Override any GCC internal prototype to avoid an error.
|    Use char because int might match the return type of a GCC
|    builtin and then its argument prototype would still apply.  */
| #ifdef __cplusplus
| extern "C"
| #endif
| char shl_load ();
| /* The GNU C library defines this for functions which it implements
|     to always fail with ENOSYS.  Some functions are actually named
|     something starting with __ and the normal name is an alias.  */
| #if defined __stub_shl_load || defined __stub___shl_load
| choke me
| #endif
| 
| int
| main ()
| {
| return shl_load ();
|   ;
|   return 0;
| }
configure:11981: result: no
configure:11985: checking for shl_load in -ldld
configure:12010: arm-linux-gnueabihf-gcc -o conftest -DGCC_HASCLASSVISIBILITY -O2 -Wall -W -fPIC   conftest.c -ldld   >&5
/home/book/100ask_imx6ull-sdk/ToolChain/gcc-linaro-6.2.1-2016.11-x86_64_arm-linux-gnueabihf/bin/../lib/gcc/arm-linux-gnueabihf/6.2.1/../../../../arm-linux-gnueabihf/bin/ld: cannot find -ldld
collect2: error: ld returned 1 exit status
configure:12010: $? = 1
configure: failed program was:
| /* confdefs.h */
| #define PACKAGE_NAME "tslib"
| #define PACKAGE_TARNAME "tslib"
| #define PACKAGE_VERSION "1.21"
| #define PACKAGE_STRING "tslib 1.21"
| #define PACKAGE_BUGREPORT "tslib@lists.infradead.org"
| #define PACKAGE_URL "http://tslib.org"
| #define PACKAGE "tslib"
| #define VERSION "1.21"
| #define STDC_HEADERS 1
| #define HAVE_SYS_TYPES_H 1
| #define HAVE_SYS_STAT_H 1
| #define HAVE_STDLIB_H 1
| #define HAVE_STRING_H 1
| #define HAVE_MEMORY_H 1
| #define HAVE_STRINGS_H 1
| #define HAVE_INTTYPES_H 1
| #define HAVE_STDINT_H 1
| #define HAVE_UNISTD_H 1
| #define HAVE_DLFCN_H 1
| #define LT_OBJDIR ".libs/"
| /* end confdefs.h.  */
| 
| /* Override any GCC internal prototype to avoid an error.
|    Use char because int might match the return type of a GCC
|    builtin and then its argument prototype would still apply.  */
| #ifdef __cplusplus
| extern "C"
| #endif
| char shl_load ();
| int
| main ()
| {
| return shl_load ();
|   ;
|   return 0;
| }
configure:12019: result: no
configure:12024: checking for dlopen
configure:12024: arm-linux-gnueabihf-gcc -o conftest -DGCC_HASCLASSVISIBILITY -O2 -Wall -W -fPIC   conftest.c  >&5
/tmp/cc2TkYZg.o: In function `main':
conftest.c:(.text.startup+0x2): undefined reference to `dlopen'
collect2: error: ld returned 1 exit status
configure:12024: $? = 1
configure: failed program was:
| /* confdefs.h */
| #define PACKAGE_NAME "tslib"
| #define PACKAGE_TARNAME "tslib"
| #define PACKAGE_VERSION "1.21"
| #define PACKAGE_STRING "tslib 1.21"
| #define PACKAGE_BUGREPORT "tslib@lists.infradead.org"
| #define PACKAGE_URL "http://tslib.org"
| #define PACKAGE "tslib"
| #define VERSION "1.21"
| #define STDC_HEADERS 1
| #define HAVE_SYS_TYPES_H 1
| #define HAVE_SYS_STAT_H 1
| #define HAVE_STDLIB_H 1
| #define HAVE_STRING_H 1
| #define HAVE_MEMORY_H 1
| #define HAVE_STRINGS_H 1
| #define HAVE_INTTYPES_H 1
| #define HAVE_STDINT_H 1
| #define HAVE_UNISTD_H 1
| #define HAVE_DLFCN_H 1
| #define LT_OBJDIR ".libs/"
| /* end confdefs.h.  */
| /* Define dlopen to an innocuous variant, in case <limits.h> declares dlopen.
|    For example, HP-UX 11i <limits.h> declares gettimeofday.  */
| #define dlopen innocuous_dlopen
| 
| /* System header to define __stub macros and hopefully few prototypes,
|     which can conflict with char dlopen (); below.
|     Prefer <limits.h> to <assert.h> if __STDC__ is defined, since
|     <limits.h> exists even on freestanding compilers.  */
| 
| #ifdef __STDC__
| # include <limits.h>
| #else
| # include <assert.h>
| #endif
| 
| #undef dlopen
| 
| /* Override any GCC internal prototype to avoid an error.
|    Use char because int might match the return type of a GCC
|    builtin and then its argument prototype would still apply.  */
| #ifdef __cplusplus
| extern "C"
| #endif
| char dlopen ();
| /* The GNU C library defines this for functions which it implements
|     to always fail with ENOSYS.  Some functions are actually named
|     something starting with __ and the normal name is an alias.  */
| #if defined __stub_dlopen || defined __stub___dlopen
| choke me
| #endif
| 
| int
| main ()
| {
| return dlopen ();
|   ;
|   return 0;
| }
configure:12024: result: no
configure:12028: checking for dlopen in -ldl
configure:12053: arm-linux-gnueabihf-gcc -o conftest -DGCC_HASCLASSVISIBILITY -O2 -Wall -W -fPIC   conftest.c -ldl   >&5
configure:12053: $? = 0
configure:12062: result: yes
configure:12181: checking whether a program can dlopen itself
configure:12282: result: cross
configure:12427: checking whether stripping libraries is possible
configure:12432: result: yes
configure:12467: checking if libtool supports shared libraries
configure:12469: result: yes
configure:12472: checking whether to build shared libraries
configure:12497: result: yes
configure:12500: checking whether to build static libraries
configure:12504: result: no
configure:12543: checking for dlopen in -ldl
configure:12577: result: yes
configure:12590: checking for size_t
configure:12590: arm-linux-gnueabihf-gcc -c -DGCC_HASCLASSVISIBILITY -O2 -Wall -W -fPIC  conftest.c >&5
configure:12590: $? = 0
configure:12590: arm-linux-gnueabihf-gcc -c -DGCC_HASCLASSVISIBILITY -O2 -Wall -W -fPIC  conftest.c >&5
conftest.c: In function 'main':
conftest.c:60:21: error: expected expression before ')' token
 if (sizeof ((size_t)))
                     ^
configure:12590: $? = 1
configure: failed program was:
| /* confdefs.h */
| #define PACKAGE_NAME "tslib"
| #define PACKAGE_TARNAME "tslib"
| #define PACKAGE_VERSION "1.21"
| #define PACKAGE_STRING "tslib 1.21"
| #define PACKAGE_BUGREPORT "tslib@lists.infradead.org"
| #define PACKAGE_URL "http://tslib.org"
| #define PACKAGE "tslib"
| #define VERSION "1.21"
| #define STDC_HEADERS 1
| #define HAVE_SYS_TYPES_H 1
| #define HAVE_SYS_STAT_H 1
| #define HAVE_STDLIB_H 1
| #define HAVE_STRING_H 1
| #define HAVE_MEMORY_H 1
| #define HAVE_STRINGS_H 1
| #define HAVE_INTTYPES_H 1
| #define HAVE_STDINT_H 1
| #define HAVE_UNISTD_H 1
| #define HAVE_DLFCN_H 1
| #define LT_OBJDIR ".libs/"
| #define HAVE_LIBDL 1
| /* end confdefs.h.  */
| #include <stdio.h>
| #ifdef HAVE_SYS_TYPES_H
| # include <sys/types.h>
| #endif
| #ifdef HAVE_SYS_STAT_H
| # include <sys/stat.h>
| #endif
| #ifdef STDC_HEADERS
| # include <stdlib.h>
| # include <stddef.h>
| #else
| # ifdef HAVE_STDLIB_H
| #  include <stdlib.h>
| # endif
| #endif
| #ifdef HAVE_STRING_H
| # if !defined STDC_HEADERS && defined HAVE_MEMORY_H
| #  include <memory.h>
| # endif
| # include <string.h>
| #endif
| #ifdef HAVE_STRINGS_H
| # include <strings.h>
| #endif
| #ifdef HAVE_INTTYPES_H
| # include <inttypes.h>
| #endif
| #ifdef HAVE_STDINT_H
| # include <stdint.h>
| #endif
| #ifdef HAVE_UNISTD_H
| # include <unistd.h>
| #endif
| int
| main ()
| {
| if (sizeof ((size_t)))
| 	    return 0;
|   ;
|   return 0;
| }
configure:12590: result: yes
configure:12603: checking for working alloca.h
configure:12620: arm-linux-gnueabihf-gcc -o conftest -DGCC_HASCLASSVISIBILITY -O2 -Wall -W -fPIC   conftest.c -ldl  >&5
configure:12620: $? = 0
configure:12628: result: yes
configure:12636: checking for alloca
configure:12673: arm-linux-gnueabihf-gcc -o conftest -DGCC_HASCLASSVISIBILITY -O2 -Wall -W -fPIC   conftest.c -ldl  >&5
configure:12673: $? = 0
configure:12681: result: yes
configure:12787: checking for ANSI C header files
configure:12891: result: yes
configure:12902: checking fcntl.h usability
configure:12902: arm-linux-gnueabihf-gcc -c -DGCC_HASCLASSVISIBILITY -O2 -Wall -W -fPIC  conftest.c >&5
configure:12902: $? = 0
configure:12902: result: yes
configure:12902: checking fcntl.h presence
configure:12902: arm-linux-gnueabihf-gcc -E  conftest.c
configure:12902: $? = 0
configure:12902: result: yes
configure:12902: checking for fcntl.h
configure:12902: result: yes
configure:12902: checking limits.h usability
configure:12902: arm-linux-gnueabihf-gcc -c -DGCC_HASCLASSVISIBILITY -O2 -Wall -W -fPIC  conftest.c >&5
configure:12902: $? = 0
configure:12902: result: yes
configure:12902: checking limits.h presence
configure:12902: arm-linux-gnueabihf-gcc -E  conftest.c
configure:12902: $? = 0
configure:12902: result: yes
configure:12902: checking for limits.h
configure:12902: result: yes
configure:12902: checking for stdlib.h
configure:12902: result: yes
configure:12902: checking for string.h
configure:12902: result: yes
configure:12902: checking sys/ioctl.h usability
configure:12902: arm-linux-gnueabihf-gcc -c -DGCC_HASCLASSVISIBILITY -O2 -Wall -W -fPIC  conftest.c >&5
configure:12902: $? = 0
configure:12902: result: yes
configure:12902: checking sys/ioctl.h presence
configure:12902: arm-linux-gnueabihf-gcc -E  conftest.c
configure:12902: $? = 0
configure:12902: result: yes
configure:12902: checking for sys/ioctl.h
configure:12902: result: yes
configure:12902: checking sys/time.h usability
configure:12902: arm-linux-gnueabihf-gcc -c -DGCC_HASCLASSVISIBILITY -O2 -Wall -W -fPIC  conftest.c >&5
configure:12902: $? = 0
configure:12902: result: yes
configure:12902: checking sys/time.h presence
configure:12902: arm-linux-gnueabihf-gcc -E  conftest.c
configure:12902: $? = 0
configure:12902: result: yes
configure:12902: checking for sys/time.h
configure:12902: result: yes
configure:12902: checking for unistd.h
configure:12902: result: yes
configure:12902: checking for stdint.h
configure:12902: result: yes
configure:12902: checking for sys/types.h
configure:12902: result: yes
configure:12902: checking errno.h usability
configure:12902: arm-linux-gnueabihf-gcc -c -DGCC_HASCLASSVISIBILITY -O2 -Wall -W -fPIC  conftest.c >&5
configure:12902: $? = 0
configure:12902: result: yes
configure:12902: checking errno.h presence
configure:12902: arm-linux-gnueabihf-gcc -E  conftest.c
configure:12902: $? = 0
configure:12902: result: yes
configure:12902: checking for errno.h
configure:12902: result: yes
configure:12902: checking dirent.h usability
configure:12902: arm-linux-gnueabihf-gcc -c -DGCC_HASCLASSVISIBILITY -O2 -Wall -W -fPIC  conftest.c >&5
configure:12902: $? = 0
configure:12902: result: yes
configure:12902: checking dirent.h presence
configure:12902: arm-linux-gnueabihf-gcc -E  conftest.c
configure:12902: $? = 0
configure:12902: result: yes
configure:12902: checking for dirent.h
configure:12902: result: yes
configure:12914: checking linux/spi/cy8mrln.h usability
configure:12914: arm-linux-gnueabihf-gcc -c -DGCC_HASCLASSVISIBILITY -O2 -Wall -W -fPIC  conftest.c >&5
conftest.c:71:31: fatal error: linux/spi/cy8mrln.h: No such file or directory
 #include <linux/spi/cy8mrln.h>
                               ^
compilation terminated.
configure:12914: $? = 1
configure: failed program was:
| /* confdefs.h */
| #define PACKAGE_NAME "tslib"
| #define PACKAGE_TARNAME "tslib"
| #define PACKAGE_VERSION "1.21"
| #define PACKAGE_STRING "tslib 1.21"
| #define PACKAGE_BUGREPORT "tslib@lists.infradead.org"
| #define PACKAGE_URL "http://tslib.org"
| #define PACKAGE "tslib"
| #define VERSION "1.21"
| #define STDC_HEADERS 1
| #define HAVE_SYS_TYPES_H 1
| #define HAVE_SYS_STAT_H 1
| #define HAVE_STDLIB_H 1
| #define HAVE_STRING_H 1
| #define HAVE_MEMORY_H 1
| #define HAVE_STRINGS_H 1
| #define HAVE_INTTYPES_H 1
| #define HAVE_STDINT_H 1
| #define HAVE_UNISTD_H 1
| #define HAVE_DLFCN_H 1
| #define LT_OBJDIR ".libs/"
| #define HAVE_LIBDL 1
| #define HAVE_ALLOCA_H 1
| #define HAVE_ALLOCA 1
| #define STDC_HEADERS 1
| #define HAVE_FCNTL_H 1
| #define HAVE_LIMITS_H 1
| #define HAVE_STDLIB_H 1
| #define HAVE_STRING_H 1
| #define HAVE_SYS_IOCTL_H 1
| #define HAVE_SYS_TIME_H 1
| #define HAVE_UNISTD_H 1
| #define HAVE_STDINT_H 1
| #define HAVE_SYS_TYPES_H 1
| #define HAVE_ERRNO_H 1
| #define HAVE_DIRENT_H 1
| /* end confdefs.h.  */
| #include <stdio.h>
| #ifdef HAVE_SYS_TYPES_H
| # include <sys/types.h>
| #endif
| #ifdef HAVE_SYS_STAT_H
| # include <sys/stat.h>
| #endif
| #ifdef STDC_HEADERS
| # include <stdlib.h>
| # include <stddef.h>
| #else
| # ifdef HAVE_STDLIB_H
| #  include <stdlib.h>
| # endif
| #endif
| #ifdef HAVE_STRING_H
| # if !defined STDC_HEADERS && defined HAVE_MEMORY_H
| #  include <memory.h>
| # endif
| # include <string.h>
| #endif
| #ifdef HAVE_STRINGS_H
| # include <strings.h>
| #endif
| #ifdef HAVE_INTTYPES_H
| # include <inttypes.h>
| #endif
| #ifdef HAVE_STDINT_H
| # include <stdint.h>
| #endif
| #ifdef HAVE_UNISTD_H
| # include <unistd.h>
| #endif
| #include <linux/spi/cy8mrln.h>
configure:12914: result: no
configure:12914: checking linux/spi/cy8mrln.h presence
configure:12914: arm-linux-gnueabihf-gcc -E  conftest.c
conftest.c:38:31: fatal error: linux/spi/cy8mrln.h: No such file or directory
 #include <linux/spi/cy8mrln.h>
                               ^
compilation terminated.
configure:12914: $? = 1
configure: failed program was:
| /* confdefs.h */
| #define PACKAGE_NAME "tslib"
| #define PACKAGE_TARNAME "tslib"
| #define PACKAGE_VERSION "1.21"
| #define PACKAGE_STRING "tslib 1.21"
| #define PACKAGE_BUGREPORT "tslib@lists.infradead.org"
| #define PACKAGE_URL "http://tslib.org"
| #define PACKAGE "tslib"
| #define VERSION "1.21"
| #define STDC_HEADERS 1
| #define HAVE_SYS_TYPES_H 1
| #define HAVE_SYS_STAT_H 1
| #define HAVE_STDLIB_H 1
| #define HAVE_STRING_H 1
| #define HAVE_MEMORY_H 1
| #define HAVE_STRINGS_H 1
| #define HAVE_INTTYPES_H 1
| #define HAVE_STDINT_H 1
| #define HAVE_UNISTD_H 1
| #define HAVE_DLFCN_H 1
| #define LT_OBJDIR ".libs/"
| #define HAVE_LIBDL 1
| #define HAVE_ALLOCA_H 1
| #define HAVE_ALLOCA 1
| #define STDC_HEADERS 1
| #define HAVE_FCNTL_H 1
| #define HAVE_LIMITS_H 1
| #define HAVE_STDLIB_H 1
| #define HAVE_STRING_H 1
| #define HAVE_SYS_IOCTL_H 1
| #define HAVE_SYS_TIME_H 1
| #define HAVE_UNISTD_H 1
| #define HAVE_STDINT_H 1
| #define HAVE_SYS_TYPES_H 1
| #define HAVE_ERRNO_H 1
| #define HAVE_DIRENT_H 1
| /* end confdefs.h.  */
| #include <linux/spi/cy8mrln.h>
configure:12914: result: no
configure:12914: checking for linux/spi/cy8mrln.h
configure:12914: result: no
configure:12926: checking for an ANSI C-conforming const
configure:12992: arm-linux-gnueabihf-gcc -c -DGCC_HASCLASSVISIBILITY -O2 -Wall -W -fPIC  conftest.c >&5
configure:12992: $? = 0
configure:12999: result: yes
configure:13007: checking for inline
configure:13023: arm-linux-gnueabihf-gcc -c -DGCC_HASCLASSVISIBILITY -O2 -Wall -W -fPIC  conftest.c >&5
configure:13023: $? = 0
configure:13031: result: inline
configure:13049: checking for size_t
configure:13049: result: yes
configure:13060: checking for uint16_t
configure:13060: arm-linux-gnueabihf-gcc -c -DGCC_HASCLASSVISIBILITY -O2 -Wall -W -fPIC  conftest.c >&5
configure:13060: $? = 0
configure:13060: result: yes
configure:13072: checking for uint8_t
configure:13072: arm-linux-gnueabihf-gcc -c -DGCC_HASCLASSVISIBILITY -O2 -Wall -W -fPIC  conftest.c >&5
configure:13072: $? = 0
configure:13072: result: yes
configure:13086: checking whether time.h and sys/time.h may both be included
configure:13106: arm-linux-gnueabihf-gcc -c -DGCC_HASCLASSVISIBILITY -O2 -Wall -W -fPIC  conftest.c >&5
configure:13106: $? = 0
configure:13113: result: yes
configure:13124: checking whether arm-linux-gnueabihf-gcc needs -traditional
configure:13158: result: no
configure:13171: checking for stdlib.h
configure:13171: result: yes
configure:13171: checking for unistd.h
configure:13171: result: yes
configure:13171: checking for sys/param.h
configure:13171: arm-linux-gnueabihf-gcc -c -DGCC_HASCLASSVISIBILITY -O2 -Wall -W -fPIC  conftest.c >&5
configure:13171: $? = 0
configure:13171: result: yes
configure:13191: checking for getpagesize
configure:13191: arm-linux-gnueabihf-gcc -o conftest -DGCC_HASCLASSVISIBILITY -O2 -Wall -W -fPIC   conftest.c -ldl  >&5
configure:13191: $? = 0
configure:13191: result: yes
configure:13200: checking for working mmap
configure:13357: result: no
configure:13369: checking sys/select.h usability
configure:13369: arm-linux-gnueabihf-gcc -c -DGCC_HASCLASSVISIBILITY -O2 -Wall -W -fPIC  conftest.c >&5
configure:13369: $? = 0
configure:13369: result: yes
configure:13369: checking sys/select.h presence
configure:13369: arm-linux-gnueabihf-gcc -E  conftest.c
configure:13369: $? = 0
configure:13369: result: yes
configure:13369: checking for sys/select.h
configure:13369: result: yes
configure:13369: checking sys/socket.h usability
configure:13369: arm-linux-gnueabihf-gcc -c -DGCC_HASCLASSVISIBILITY -O2 -Wall -W -fPIC  conftest.c >&5
configure:13369: $? = 0
configure:13369: result: yes
configure:13369: checking sys/socket.h presence
configure:13369: arm-linux-gnueabihf-gcc -E  conftest.c
configure:13369: $? = 0
configure:13369: result: yes
configure:13369: checking for sys/socket.h
configure:13369: result: yes
configure:13379: checking types of arguments for select
configure:13407: arm-linux-gnueabihf-gcc -c -DGCC_HASCLASSVISIBILITY -O2 -Wall -W -fPIC  conftest.c >&5
configure:13407: $? = 0
configure:13418: result: int,fd_set *,struct timeval *
configure:13441: checking return type of signal handlers
configure:13459: arm-linux-gnueabihf-gcc -c -DGCC_HASCLASSVISIBILITY -O2 -Wall -W -fPIC  conftest.c >&5
conftest.c: In function 'main':
conftest.c:54:10: error: void value not ignored as it ought to be
 return *(signal (0, 0)) (0) == 1;
         ~^~~~~~~~~~~~~~~~~~
configure:13459: $? = 1
configure: failed program was:
| /* confdefs.h */
| #define PACKAGE_NAME "tslib"
| #define PACKAGE_TARNAME "tslib"
| #define PACKAGE_VERSION "1.21"
| #define PACKAGE_STRING "tslib 1.21"
| #define PACKAGE_BUGREPORT "tslib@lists.infradead.org"
| #define PACKAGE_URL "http://tslib.org"
| #define PACKAGE "tslib"
| #define VERSION "1.21"
| #define STDC_HEADERS 1
| #define HAVE_SYS_TYPES_H 1
| #define HAVE_SYS_STAT_H 1
| #define HAVE_STDLIB_H 1
| #define HAVE_STRING_H 1
| #define HAVE_MEMORY_H 1
| #define HAVE_STRINGS_H 1
| #define HAVE_INTTYPES_H 1
| #define HAVE_STDINT_H 1
| #define HAVE_UNISTD_H 1
| #define HAVE_DLFCN_H 1
| #define LT_OBJDIR ".libs/"
| #define HAVE_LIBDL 1
| #define HAVE_ALLOCA_H 1
| #define HAVE_ALLOCA 1
| #define STDC_HEADERS 1
| #define HAVE_FCNTL_H 1
| #define HAVE_LIMITS_H 1
| #define HAVE_STDLIB_H 1
| #define HAVE_STRING_H 1
| #define HAVE_SYS_IOCTL_H 1
| #define HAVE_SYS_TIME_H 1
| #define HAVE_UNISTD_H 1
| #define HAVE_STDINT_H 1
| #define HAVE_SYS_TYPES_H 1
| #define HAVE_ERRNO_H 1
| #define HAVE_DIRENT_H 1
| #define TIME_WITH_SYS_TIME 1
| #define HAVE_STDLIB_H 1
| #define HAVE_UNISTD_H 1
| #define HAVE_SYS_PARAM_H 1
| #define HAVE_GETPAGESIZE 1
| #define HAVE_SYS_SELECT_H 1
| #define HAVE_SYS_SOCKET_H 1
| #define SELECT_TYPE_ARG1 int
| #define SELECT_TYPE_ARG234 (fd_set *)
| #define SELECT_TYPE_ARG5 (struct timeval *)
| /* end confdefs.h.  */
| #include <sys/types.h>
| #include <signal.h>
| 
| int
| main ()
| {
| return *(signal (0, 0)) (0) == 1;
|   ;
|   return 0;
| }
configure:13466: result: void
configure:13474: checking whether lstat correctly handles trailing slash
configure:13517: result: no
configure:13536: checking whether stat accepts an empty string
configure:13566: result: yes
configure:13584: checking for vprintf
configure:13584: arm-linux-gnueabihf-gcc -o conftest -DGCC_HASCLASSVISIBILITY -O2 -Wall -W -fPIC   conftest.c -ldl  >&5
conftest.c:73:6: warning: conflicting types for built-in function 'vprintf'
 char vprintf ();
      ^~~~~~~
configure:13584: $? = 0
configure:13584: result: yes
configure:13590: checking for _doprnt
configure:13590: arm-linux-gnueabihf-gcc -o conftest -DGCC_HASCLASSVISIBILITY -O2 -Wall -W -fPIC   conftest.c -ldl  >&5
/tmp/ccstEBd8.o: In function `main':
conftest.c:(.text.startup+0x2): undefined reference to `_doprnt'
collect2: error: ld returned 1 exit status
configure:13590: $? = 1
configure: failed program was:
| /* confdefs.h */
| #define PACKAGE_NAME "tslib"
| #define PACKAGE_TARNAME "tslib"
| #define PACKAGE_VERSION "1.21"
| #define PACKAGE_STRING "tslib 1.21"
| #define PACKAGE_BUGREPORT "tslib@lists.infradead.org"
| #define PACKAGE_URL "http://tslib.org"
| #define PACKAGE "tslib"
| #define VERSION "1.21"
| #define STDC_HEADERS 1
| #define HAVE_SYS_TYPES_H 1
| #define HAVE_SYS_STAT_H 1
| #define HAVE_STDLIB_H 1
| #define HAVE_STRING_H 1
| #define HAVE_MEMORY_H 1
| #define HAVE_STRINGS_H 1
| #define HAVE_INTTYPES_H 1
| #define HAVE_STDINT_H 1
| #define HAVE_UNISTD_H 1
| #define HAVE_DLFCN_H 1
| #define LT_OBJDIR ".libs/"
| #define HAVE_LIBDL 1
| #define HAVE_ALLOCA_H 1
| #define HAVE_ALLOCA 1
| #define STDC_HEADERS 1
| #define HAVE_FCNTL_H 1
| #define HAVE_LIMITS_H 1
| #define HAVE_STDLIB_H 1
| #define HAVE_STRING_H 1
| #define HAVE_SYS_IOCTL_H 1
| #define HAVE_SYS_TIME_H 1
| #define HAVE_UNISTD_H 1
| #define HAVE_STDINT_H 1
| #define HAVE_SYS_TYPES_H 1
| #define HAVE_ERRNO_H 1
| #define HAVE_DIRENT_H 1
| #define TIME_WITH_SYS_TIME 1
| #define HAVE_STDLIB_H 1
| #define HAVE_UNISTD_H 1
| #define HAVE_SYS_PARAM_H 1
| #define HAVE_GETPAGESIZE 1
| #define HAVE_SYS_SELECT_H 1
| #define HAVE_SYS_SOCKET_H 1
| #define SELECT_TYPE_ARG1 int
| #define SELECT_TYPE_ARG234 (fd_set *)
| #define SELECT_TYPE_ARG5 (struct timeval *)
| #define RETSIGTYPE void
| #define HAVE_STAT_EMPTY_STRING_BUG 1
| #define HAVE_VPRINTF 1
| /* end confdefs.h.  */
| /* Define _doprnt to an innocuous variant, in case <limits.h> declares _doprnt.
|    For example, HP-UX 11i <limits.h> declares gettimeofday.  */
| #define _doprnt innocuous__doprnt
| 
| /* System header to define __stub macros and hopefully few prototypes,
|     which can conflict with char _doprnt (); below.
|     Prefer <limits.h> to <assert.h> if __STDC__ is defined, since
|     <limits.h> exists even on freestanding compilers.  */
| 
| #ifdef __STDC__
| # include <limits.h>
| #else
| # include <assert.h>
| #endif
| 
| #undef _doprnt
| 
| /* Override any GCC internal prototype to avoid an error.
|    Use char because int might match the return type of a GCC
|    builtin and then its argument prototype would still apply.  */
| #ifdef __cplusplus
| extern "C"
| #endif
| char _doprnt ();
| /* The GNU C library defines this for functions which it implements
|     to always fail with ENOSYS.  Some functions are actually named
|     something starting with __ and the normal name is an alias.  */
| #if defined __stub__doprnt || defined __stub____doprnt
| choke me
| #endif
| 
| int
| main ()
| {
| return _doprnt ();
|   ;
|   return 0;
| }
configure:13590: result: no
configure:13604: checking for gettimeofday
configure:13604: arm-linux-gnueabihf-gcc -o conftest -DGCC_HASCLASSVISIBILITY -O2 -Wall -W -fPIC   conftest.c -ldl  >&5
configure:13604: $? = 0
configure:13604: result: yes
configure:13604: checking for memmove
configure:13604: arm-linux-gnueabihf-gcc -o conftest -DGCC_HASCLASSVISIBILITY -O2 -Wall -W -fPIC   conftest.c -ldl  >&5
conftest.c:75:6: warning: conflicting types for built-in function 'memmove'
 char memmove ();
      ^~~~~~~
configure:13604: $? = 0
configure:13604: result: yes
configure:13604: checking for memset
configure:13604: arm-linux-gnueabihf-gcc -o conftest -DGCC_HASCLASSVISIBILITY -O2 -Wall -W -fPIC   conftest.c -ldl  >&5
conftest.c:76:6: warning: conflicting types for built-in function 'memset'
 char memset ();
      ^~~~~~
configure:13604: $? = 0
configure:13604: result: yes
configure:13604: checking for munmap
configure:13604: arm-linux-gnueabihf-gcc -o conftest -DGCC_HASCLASSVISIBILITY -O2 -Wall -W -fPIC   conftest.c -ldl  >&5
configure:13604: $? = 0
configure:13604: result: yes
configure:13604: checking for select
configure:13604: arm-linux-gnueabihf-gcc -o conftest -DGCC_HASCLASSVISIBILITY -O2 -Wall -W -fPIC   conftest.c -ldl  >&5
configure:13604: $? = 0
configure:13604: result: yes
configure:13604: checking for strcasecmp
configure:13604: arm-linux-gnueabihf-gcc -o conftest -DGCC_HASCLASSVISIBILITY -O2 -Wall -W -fPIC   conftest.c -ldl  >&5
conftest.c:79:6: warning: conflicting types for built-in function 'strcasecmp'
 char strcasecmp ();
      ^~~~~~~~~~
configure:13604: $? = 0
configure:13604: result: yes
configure:13604: checking for strchr
configure:13604: arm-linux-gnueabihf-gcc -o conftest -DGCC_HASCLASSVISIBILITY -O2 -Wall -W -fPIC   conftest.c -ldl  >&5
conftest.c:80:6: warning: conflicting types for built-in function 'strchr'
 char strchr ();
      ^~~~~~
configure:13604: $? = 0
configure:13604: result: yes
configure:13604: checking for strdup
configure:13604: arm-linux-gnueabihf-gcc -o conftest -DGCC_HASCLASSVISIBILITY -O2 -Wall -W -fPIC   conftest.c -ldl  >&5
conftest.c:81:6: warning: conflicting types for built-in function 'strdup'
 char strdup ();
      ^~~~~~
configure:13604: $? = 0
configure:13604: result: yes
configure:13604: checking for strtoul
configure:13604: arm-linux-gnueabihf-gcc -o conftest -DGCC_HASCLASSVISIBILITY -O2 -Wall -W -fPIC   conftest.c -ldl  >&5
configure:13604: $? = 0
configure:13604: result: yes
configure:13604: checking for strtol
configure:13604: arm-linux-gnueabihf-gcc -o conftest -DGCC_HASCLASSVISIBILITY -O2 -Wall -W -fPIC   conftest.c -ldl  >&5
configure:13604: $? = 0
configure:13604: result: yes
configure:13604: checking for strsep
configure:13604: arm-linux-gnueabihf-gcc -o conftest -DGCC_HASCLASSVISIBILITY -O2 -Wall -W -fPIC   conftest.c -ldl  >&5
configure:13604: $? = 0
configure:13604: result: yes
configure:13635: checking for arm-linux-gnueabihf-pkg-config
configure:13668: result: no
configure:13678: checking for pkg-config
configure:13711: result: no
configure:13746: checking whether debounce module is requested
configure:13756: result: yes
configure:13933: checking whether dejitter module is requested
configure:13943: result: yes
configure:14120: checking whether evthres module is requested
configure:14130: result: yes
configure:14307: checking whether iir module is requested
configure:14317: result: yes
configure:14494: checking whether linear module is requested
configure:14504: result: yes
configure:14681: checking whether median module is requested
configure:14691: result: yes
configure:14868: checking whether pthres module is requested
configure:14878: result: yes
configure:15055: checking whether skip module is requested
configure:15065: result: yes
configure:15242: checking whether lowpass module is requested
configure:15252: result: yes
configure:15429: checking whether invert module is requested
configure:15439: result: yes
configure:15616: checking whether variance module is requested
configure:15626: result: yes
configure:15807: checking whether input module is requested
configure:15817: result: yes
configure:15996: checking whether touchkit module is requested
configure:16006: result: yes
configure:16183: checking whether waveshare module is requested
configure:16193: result: yes
configure:16372: checking whether input-evdev module is requested
configure:16382: result: no
configure:16559: checking whether tatung module is requested
configure:16569: result: no
configure:16746: checking whether ucb1x00 module is requested
configure:16756: result: no
configure:16933: checking whether mk712 module is requested
configure:16943: result: no
configure:17120: checking whether h3600 module is requested
configure:17130: result: no
configure:17307: checking whether dmc module is requested
configure:17317: result: no
configure:17494: checking whether linear-h2200 module is requested
configure:17504: result: no
configure:17681: checking whether corgi module is requested
configure:17691: result: no
configure:17868: checking whether collie module is requested
configure:17878: result: no
configure:18055: checking whether arctic2 module is requested
configure:18065: result: no
configure:18242: checking whether dmc_dus3000 module is requested
configure:18252: result: no
configure:18429: checking whether cy8mrln-palmpre module is requested
configure:18439: result: no
configure:18616: checking whether galax module is requested
configure:18626: result: no
configure:18803: checking whether one-wire-ts-input module is requested
configure:18813: result: no
configure:18989: checking where to place modules
configure:18999: result: ${libdir}/ts
configure:19003: checking whether to enable debugging
configure:19012: result: no
configure:19030: checking whether to enable tools
configure:19047: result: yes
configure:19273: checking that generated files are newer than configure
configure:19279: result: done
configure:19558: creating ./config.status

## ---------------------- ##
## Running config.status. ##
## ---------------------- ##

This file was extended by tslib config.status 1.21, which was
generated by GNU Autoconf 2.69.  Invocation command line was

  CONFIG_FILES    = 
  CONFIG_HEADERS  = 
  CONFIG_LINKS    = 
  CONFIG_COMMANDS = 
  $ ./config.status 

on 100ask

config.status:1281: creating Makefile
config.status:1281: creating etc/Makefile
config.status:1281: creating plugins/Makefile
config.status:1281: creating src/Makefile
config.status:1281: creating tests/Makefile
config.status:1281: creating tools/Makefile
config.status:1281: creating doc/Makefile
config.status:1281: creating tslib.pc
config.status:1281: creating config.h
config.status:1510: executing depfiles commands
config.status:1510: executing libtool commands

## ---------------- ##
## Cache variables. ##
## ---------------- ##

ac_cv_build=x86_64-pc-linux-gnu
ac_cv_c_compiler_gnu=yes
ac_cv_c_const=yes
ac_cv_c_inline=inline
ac_cv_c_uint16_t=yes
ac_cv_c_uint8_t=yes
ac_cv_env_CC_set=set
ac_cv_env_CC_value=arm-linux-gnueabihf-gcc
ac_cv_env_CFLAGS_set=
ac_cv_env_CFLAGS_value=
ac_cv_env_CPPFLAGS_set=
ac_cv_env_CPPFLAGS_value=
ac_cv_env_CPP_set=
ac_cv_env_CPP_value=
ac_cv_env_LDFLAGS_set=
ac_cv_env_LDFLAGS_value=
ac_cv_env_LIBEVDEV_CFLAGS_set=
ac_cv_env_LIBEVDEV_CFLAGS_value=
ac_cv_env_LIBEVDEV_LIBS_set=
ac_cv_env_LIBEVDEV_LIBS_value=
ac_cv_env_LIBS_set=
ac_cv_env_LIBS_value=
ac_cv_env_LT_SYS_LIBRARY_PATH_set=
ac_cv_env_LT_SYS_LIBRARY_PATH_value=
ac_cv_env_PKG_CONFIG_LIBDIR_set=
ac_cv_env_PKG_CONFIG_LIBDIR_value=
ac_cv_env_PKG_CONFIG_PATH_set=
ac_cv_env_PKG_CONFIG_PATH_value=
ac_cv_env_PKG_CONFIG_set=
ac_cv_env_PKG_CONFIG_value=
ac_cv_env_build_alias_set=
ac_cv_env_build_alias_value=
ac_cv_env_host_alias_set=set
ac_cv_env_host_alias_value=arm-linux-gnueabihf
ac_cv_env_target_alias_set=
ac_cv_env_target_alias_value=
ac_cv_func__doprnt=no
ac_cv_func_alloca_works=yes
ac_cv_func_dlopen=no
ac_cv_func_getpagesize=yes
ac_cv_func_gettimeofday=yes
ac_cv_func_lstat_dereferences_slashed_symlink=no
ac_cv_func_memmove=yes
ac_cv_func_memset=yes
ac_cv_func_mmap_fixed_mapped=no
ac_cv_func_munmap=yes
ac_cv_func_select=yes
ac_cv_func_select_args='int,fd_set *,struct timeval *'
ac_cv_func_shl_load=no
ac_cv_func_stat_empty_string_bug=yes
ac_cv_func_strcasecmp=yes
ac_cv_func_strchr=yes
ac_cv_func_strdup=yes
ac_cv_func_strsep=yes
ac_cv_func_strtol=yes
ac_cv_func_strtoul=yes
ac_cv_func_vprintf=yes
ac_cv_header_dirent_h=yes
ac_cv_header_dlfcn_h=yes
ac_cv_header_errno_h=yes
ac_cv_header_fcntl_h=yes
ac_cv_header_inttypes_h=yes
ac_cv_header_limits_h=yes
ac_cv_header_linux_spi_cy8mrln_h=no
ac_cv_header_memory_h=yes
ac_cv_header_stdc=yes
ac_cv_header_stdint_h=yes
ac_cv_header_stdlib_h=yes
ac_cv_header_string_h=yes
ac_cv_header_strings_h=yes
ac_cv_header_sys_ioctl_h=yes
ac_cv_header_sys_param_h=yes
ac_cv_header_sys_select_h=yes
ac_cv_header_sys_socket_h=yes
ac_cv_header_sys_stat_h=yes
ac_cv_header_sys_time_h=yes
ac_cv_header_sys_types_h=yes
ac_cv_header_time=yes
ac_cv_header_unistd_h=yes
ac_cv_host=arm-unknown-linux-gnueabihf
ac_cv_lib_dl_dlopen=yes
ac_cv_lib_dld_shl_load=no
ac_cv_objext=o
ac_cv_path_EGREP='/bin/grep -E'
ac_cv_path_FGREP='/bin/grep -F'
ac_cv_path_GREP=/bin/grep
ac_cv_path_SED=/bin/sed
ac_cv_path_install='/usr/bin/install -c'
ac_cv_path_lt_DD=/bin/dd
ac_cv_path_mkdir=/bin/mkdir
ac_cv_prog_AR=arm-linux-gnueabihf-ar
ac_cv_prog_AWK=mawk
ac_cv_prog_CC=arm-linux-gnueabihf-gcc
ac_cv_prog_CPP='arm-linux-gnueabihf-gcc -E'
ac_cv_prog_OBJDUMP=arm-linux-gnueabihf-objdump
ac_cv_prog_RANLIB=arm-linux-gnueabihf-ranlib
ac_cv_prog_STRIP=arm-linux-gnueabihf-strip
ac_cv_prog_ac_ct_MANIFEST_TOOL=mt
ac_cv_prog_cc_c89=
ac_cv_prog_cc_g=yes
ac_cv_prog_gcc_traditional=no
ac_cv_prog_make_make_set=yes
ac_cv_type_signal=void
ac_cv_type_size_t=yes
ac_cv_working_alloca_h=yes
am_cv_CC_dependencies_compiler_type=none
am_cv_make_support_nested_variables=yes
am_cv_prog_cc_c_o=yes
bb_cv_cc_supports_hidden_visibility=yes
lt_cv_ar_at_file=@
lt_cv_archive_cmds_need_lc=no
lt_cv_deplibs_check_method=pass_all
lt_cv_dlopen=dlopen
lt_cv_dlopen_libs=-ldl
lt_cv_dlopen_self=cross
lt_cv_file_magic_cmd='$MAGIC_CMD'
lt_cv_file_magic_test_file=
lt_cv_ld_reload_flag=-r
lt_cv_nm_interface='BSD nm'
lt_cv_objdir=.libs
lt_cv_path_LD=/home/book/100ask_imx6ull-sdk/ToolChain/gcc-linaro-6.2.1-2016.11-x86_64_arm-linux-gnueabihf/arm-linux-gnueabihf/bin/ld
lt_cv_path_NM='/home/book/100ask_imx6ull-sdk/ToolChain/gcc-linaro-6.2.1-2016.11-x86_64_arm-linux-gnueabihf/bin/arm-linux-gnueabihf-nm -B'
lt_cv_path_mainfest_tool=no
lt_cv_prog_compiler_c_o=yes
lt_cv_prog_compiler_pic='-fPIC -DPIC'
lt_cv_prog_compiler_pic_works=yes
lt_cv_prog_compiler_rtti_exceptions=no
lt_cv_prog_compiler_static_works=yes
lt_cv_prog_gnu_ld=yes
lt_cv_sharedlib_from_linklib_cmd='printf %s\n'
lt_cv_shlibpath_overrides_runpath=no
lt_cv_sys_global_symbol_pipe='sed -n -e '\''s/^.*[	 ]\([ABCDGIRSTW][ABCDGIRSTW]*\)[	 ][	 ]*\([_A-Za-z][_A-Za-z0-9]*\)$/\1 \2 \2/p'\'' | sed '\''/ __gnu_lto/d'\'''
lt_cv_sys_global_symbol_to_c_name_address='sed -n -e '\''s/^: \(.*\) .*$/  {"\1", (void *) 0},/p'\'' -e '\''s/^[ABCDGIRSTW][ABCDGIRSTW]* .* \(.*\)$/  {"\1", (void *) \&\1},/p'\'''
lt_cv_sys_global_symbol_to_c_name_address_lib_prefix='sed -n -e '\''s/^: \(.*\) .*$/  {"\1", (void *) 0},/p'\'' -e '\''s/^[ABCDGIRSTW][ABCDGIRSTW]* .* \(lib.*\)$/  {"\1", (void *) \&\1},/p'\'' -e '\''s/^[ABCDGIRSTW][ABCDGIRSTW]* .* \(.*\)$/  {"lib\1", (void *) \&\1},/p'\'''
lt_cv_sys_global_symbol_to_cdecl='sed -n -e '\''s/^T .* \(.*\)$/extern int \1();/p'\'' -e '\''s/^[ABCDGIRSTW][ABCDGIRSTW]* .* \(.*\)$/extern char \1;/p'\'''
lt_cv_sys_global_symbol_to_import=
lt_cv_sys_max_cmd_len=1572864
lt_cv_to_host_file_cmd=func_convert_file_noop
lt_cv_to_tool_file_cmd=func_convert_file_noop
lt_cv_truncate_bin='/bin/dd bs=4096 count=1'

## ----------------- ##
## Output variables. ##
## ----------------- ##

ACLOCAL='${SHELL} /home/book/nfs_rootfs/app_code_of_Alon/11_input/02_tslib/tslib-1.21/missing aclocal-1.15'
ALLOCA=''
AMDEPBACKSLASH=''
AMDEP_FALSE=''
AMDEP_TRUE='#'
AMTAR='$${TAR-tar}'
AM_BACKSLASH='\'
AM_DEFAULT_V='$(AM_DEFAULT_VERBOSITY)'
AM_DEFAULT_VERBOSITY='0'
AM_V='$(V)'
AR='arm-linux-gnueabihf-ar'
AUTOCONF='${SHELL} /home/book/nfs_rootfs/app_code_of_Alon/11_input/02_tslib/tslib-1.21/missing autoconf'
AUTOHEADER='${SHELL} /home/book/nfs_rootfs/app_code_of_Alon/11_input/02_tslib/tslib-1.21/missing autoheader'
AUTOMAKE='${SHELL} /home/book/nfs_rootfs/app_code_of_Alon/11_input/02_tslib/tslib-1.21/missing automake-1.15'
AWK='mawk'
CC='arm-linux-gnueabihf-gcc'
CCDEPMODE='depmode=none'
CFLAGS='-DGCC_HASCLASSVISIBILITY -O2 -Wall -W -fPIC'
CPP='arm-linux-gnueabihf-gcc -E'
CPPFLAGS=''
CYGPATH_W='echo'
DEBUGFLAGS=''
DEFS='-DHAVE_CONFIG_H'
DEPDIR='.deps'
DLLTOOL='false'
DSYMUTIL=''
DUMPBIN=''
ECHO_C=''
ECHO_N='-n'
ECHO_T=''
EGREP='/bin/grep -E'
ENABLE_ARCTIC2_MODULE_FALSE=''
ENABLE_ARCTIC2_MODULE_TRUE='#'
ENABLE_COLLIE_MODULE_FALSE=''
ENABLE_COLLIE_MODULE_TRUE='#'
ENABLE_CORGI_MODULE_FALSE=''
ENABLE_CORGI_MODULE_TRUE='#'
ENABLE_CY8MRLN_PALMPRE_MODULE_FALSE=''
ENABLE_CY8MRLN_PALMPRE_MODULE_TRUE='#'
ENABLE_DEBOUNCE_MODULE_FALSE='#'
ENABLE_DEBOUNCE_MODULE_TRUE=''
ENABLE_DEJITTER_MODULE_FALSE='#'
ENABLE_DEJITTER_MODULE_TRUE=''
ENABLE_DMC_DUS3000_MODULE_FALSE=''
ENABLE_DMC_DUS3000_MODULE_TRUE='#'
ENABLE_DMC_MODULE_FALSE=''
ENABLE_DMC_MODULE_TRUE='#'
ENABLE_EVTHRES_MODULE_FALSE='#'
ENABLE_EVTHRES_MODULE_TRUE=''
ENABLE_GALAX_MODULE_FALSE=''
ENABLE_GALAX_MODULE_TRUE='#'
ENABLE_H3600_MODULE_FALSE=''
ENABLE_H3600_MODULE_TRUE='#'
ENABLE_IIR_MODULE_FALSE='#'
ENABLE_IIR_MODULE_TRUE=''
ENABLE_INPUT_EVDEV_MODULE_FALSE=''
ENABLE_INPUT_EVDEV_MODULE_TRUE='#'
ENABLE_INPUT_MODULE_FALSE='#'
ENABLE_INPUT_MODULE_TRUE=''
ENABLE_INVERT_MODULE_FALSE='#'
ENABLE_INVERT_MODULE_TRUE=''
ENABLE_LINEAR_H2200_MODULE_FALSE=''
ENABLE_LINEAR_H2200_MODULE_TRUE='#'
ENABLE_LINEAR_MODULE_FALSE='#'
ENABLE_LINEAR_MODULE_TRUE=''
ENABLE_LOWPASS_MODULE_FALSE='#'
ENABLE_LOWPASS_MODULE_TRUE=''
ENABLE_MEDIAN_MODULE_FALSE='#'
ENABLE_MEDIAN_MODULE_TRUE=''
ENABLE_MK712_MODULE_FALSE=''
ENABLE_MK712_MODULE_TRUE='#'
ENABLE_ONE_WIRE_TS_INPUT_MODULE_FALSE=''
ENABLE_ONE_WIRE_TS_INPUT_MODULE_TRUE='#'
ENABLE_PTHRES_MODULE_FALSE='#'
ENABLE_PTHRES_MODULE_TRUE=''
ENABLE_SKIP_MODULE_FALSE='#'
ENABLE_SKIP_MODULE_TRUE=''
ENABLE_STATIC_ARCTIC2_MODULE_FALSE=''
ENABLE_STATIC_ARCTIC2_MODULE_TRUE='#'
ENABLE_STATIC_COLLIE_MODULE_FALSE=''
ENABLE_STATIC_COLLIE_MODULE_TRUE='#'
ENABLE_STATIC_CORGI_MODULE_FALSE=''
ENABLE_STATIC_CORGI_MODULE_TRUE='#'
ENABLE_STATIC_CY8MRLN_PALMPRE_MODULE_FALSE=''
ENABLE_STATIC_CY8MRLN_PALMPRE_MODULE_TRUE='#'
ENABLE_STATIC_DEBOUNCE_MODULE_FALSE=''
ENABLE_STATIC_DEBOUNCE_MODULE_TRUE='#'
ENABLE_STATIC_DEJITTER_MODULE_FALSE=''
ENABLE_STATIC_DEJITTER_MODULE_TRUE='#'
ENABLE_STATIC_DMC_DUS3000_MODULE_FALSE=''
ENABLE_STATIC_DMC_DUS3000_MODULE_TRUE='#'
ENABLE_STATIC_DMC_MODULE_FALSE=''
ENABLE_STATIC_DMC_MODULE_TRUE='#'
ENABLE_STATIC_EVTHRES_MODULE_FALSE=''
ENABLE_STATIC_EVTHRES_MODULE_TRUE='#'
ENABLE_STATIC_GALAX_MODULE_FALSE=''
ENABLE_STATIC_GALAX_MODULE_TRUE='#'
ENABLE_STATIC_H3600_MODULE_FALSE=''
ENABLE_STATIC_H3600_MODULE_TRUE='#'
ENABLE_STATIC_IIR_MODULE_FALSE=''
ENABLE_STATIC_IIR_MODULE_TRUE='#'
ENABLE_STATIC_INPUT_EVDEV_MODULE_FALSE=''
ENABLE_STATIC_INPUT_EVDEV_MODULE_TRUE='#'
ENABLE_STATIC_INPUT_MODULE_FALSE=''
ENABLE_STATIC_INPUT_MODULE_TRUE='#'
ENABLE_STATIC_INVERT_MODULE_FALSE=''
ENABLE_STATIC_INVERT_MODULE_TRUE='#'
ENABLE_STATIC_LINEAR_H2200_MODULE_FALSE=''
ENABLE_STATIC_LINEAR_H2200_MODULE_TRUE='#'
ENABLE_STATIC_LINEAR_MODULE_FALSE=''
ENABLE_STATIC_LINEAR_MODULE_TRUE='#'
ENABLE_STATIC_LOWPASS_MODULE_FALSE=''
ENABLE_STATIC_LOWPASS_MODULE_TRUE='#'
ENABLE_STATIC_MEDIAN_MODULE_FALSE=''
ENABLE_STATIC_MEDIAN_MODULE_TRUE='#'
ENABLE_STATIC_MK712_MODULE_FALSE=''
ENABLE_STATIC_MK712_MODULE_TRUE='#'
ENABLE_STATIC_ONE_WIRE_TS_INPUT_MODULE_FALSE=''
ENABLE_STATIC_ONE_WIRE_TS_INPUT_MODULE_TRUE='#'
ENABLE_STATIC_PTHRES_MODULE_FALSE=''
ENABLE_STATIC_PTHRES_MODULE_TRUE='#'
ENABLE_STATIC_SKIP_MODULE_FALSE=''
ENABLE_STATIC_SKIP_MODULE_TRUE='#'
ENABLE_STATIC_TATUNG_MODULE_FALSE=''
ENABLE_STATIC_TATUNG_MODULE_TRUE='#'
ENABLE_STATIC_TOUCHKIT_MODULE_FALSE=''
ENABLE_STATIC_TOUCHKIT_MODULE_TRUE='#'
ENABLE_STATIC_UCB1X00_MODULE_FALSE=''
ENABLE_STATIC_UCB1X00_MODULE_TRUE='#'
ENABLE_STATIC_VARIANCE_MODULE_FALSE=''
ENABLE_STATIC_VARIANCE_MODULE_TRUE='#'
ENABLE_STATIC_WAVESHARE_MODULE_FALSE=''
ENABLE_STATIC_WAVESHARE_MODULE_TRUE='#'
ENABLE_TATUNG_MODULE_FALSE=''
ENABLE_TATUNG_MODULE_TRUE='#'
ENABLE_TOOLS_FALSE='#'
ENABLE_TOOLS_TRUE=''
ENABLE_TOUCHKIT_MODULE_FALSE='#'
ENABLE_TOUCHKIT_MODULE_TRUE=''
ENABLE_UCB1X00_MODULE_FALSE=''
ENABLE_UCB1X00_MODULE_TRUE='#'
ENABLE_VARIANCE_MODULE_FALSE='#'
ENABLE_VARIANCE_MODULE_TRUE=''
ENABLE_WAVESHARE_MODULE_FALSE='#'
ENABLE_WAVESHARE_MODULE_TRUE=''
EXEEXT=''
FGREP='/bin/grep -F'
FREEBSD_FALSE=''
FREEBSD_TRUE='#'
GREP='/bin/grep'
HAIKU_FALSE=''
HAIKU_TRUE='#'
HAVE_STRSEP_FALSE=''
HAVE_STRSEP_TRUE='#'
HURD_FALSE=''
HURD_TRUE='#'
INSTALL_DATA='${INSTALL} -m 644'
INSTALL_PROGRAM='${INSTALL}'
INSTALL_SCRIPT='${INSTALL}'
INSTALL_STRIP_PROGRAM='$(install_sh) -c -s'
LD='/home/book/100ask_imx6ull-sdk/ToolChain/gcc-linaro-6.2.1-2016.11-x86_64_arm-linux-gnueabihf/arm-linux-gnueabihf/bin/ld'
LDFLAGS=''
LIBEVDEV_CFLAGS=''
LIBEVDEV_LIBS=''
LIBFLAGS='-DTSLIB_INTERNAL'
LIBOBJS=' ${LIBOBJDIR}lstat$U.o ${LIBOBJDIR}stat$U.o'
LIBS='-ldl '
LIBTOOL='$(SHELL) $(top_builddir)/libtool'
LIBTS_VERSION_AGE='$LT_AGE'
LIBTS_VERSION_CURRENT='$LT_CURRENT'
LIBTS_VERSION_REVISION='$LT_REVISION'
LINUX_FALSE='#'
LINUX_TRUE=''
LIPO=''
LN_S='ln -s'
LTLIBOBJS=' ${LIBOBJDIR}lstat$U.lo ${LIBOBJDIR}stat$U.lo'
LT_AGE='10'
LT_CURRENT='10'
LT_REVISION='3'
LT_SYS_LIBRARY_PATH=''
MAKEINFO='${SHELL} /home/book/nfs_rootfs/app_code_of_Alon/11_input/02_tslib/tslib-1.21/missing makeinfo'
MANIFEST_TOOL=':'
MKDIR_P='/bin/mkdir -p'
NM='/home/book/100ask_imx6ull-sdk/ToolChain/gcc-linaro-6.2.1-2016.11-x86_64_arm-linux-gnueabihf/bin/arm-linux-gnueabihf-nm -B'
NMEDIT=''
OBJDUMP='arm-linux-gnueabihf-objdump'
OBJEXT='o'
OTOOL64=''
OTOOL=''
PACKAGE='tslib'
PACKAGE_BUGREPORT='tslib@lists.infradead.org'
PACKAGE_DESCRIPTION='Touchscreen Access Library'
PACKAGE_NAME='tslib'
PACKAGE_STRING='tslib 1.21'
PACKAGE_TARNAME='tslib'
PACKAGE_URL='http://tslib.org'
PACKAGE_VERSION='1.21'
PATH_SEPARATOR=':'
PKG_CONFIG=''
PKG_CONFIG_LIBDIR=''
PKG_CONFIG_PATH=''
PLUGIN_DIR='${libdir}/ts'
RANLIB='arm-linux-gnueabihf-ranlib'
SDL_FALSE=''
SDL_TRUE='#'
SED='/bin/sed'
SET_MAKE=''
SHELL='/bin/bash'
STRIP='arm-linux-gnueabihf-strip'
TS_CONF='${sysconfdir}/ts.conf'
TS_POINTERCAL='${sysconfdir}/pointercal'
VERSION='1.21'
VIS_CFLAGS='-fvisibility=hidden'
WINDOWS_FALSE=''
WINDOWS_TRUE='#'
ac_ct_AR=''
ac_ct_CC=''
ac_ct_DUMPBIN=''
am__EXEEXT_FALSE=''
am__EXEEXT_TRUE='#'
am__fastdepCC_FALSE=''
am__fastdepCC_TRUE='#'
am__include='include'
am__isrc=''
am__leading_dot='.'
am__nodep=''
am__quote=''
am__tar='$${TAR-tar} chof - "$$tardir"'
am__untar='$${TAR-tar} xf -'
bindir='${exec_prefix}/bin'
build='x86_64-pc-linux-gnu'
build_alias=''
build_cpu='x86_64'
build_os='linux-gnu'
build_vendor='pc'
datadir='${datarootdir}'
datarootdir='${prefix}/share'
docdir='${datarootdir}/doc/${PACKAGE_TARNAME}'
dvidir='${docdir}'
exec_prefix='${prefix}'
host='arm-unknown-linux-gnueabihf'
host_alias='arm-linux-gnueabihf'
host_cpu='arm'
host_os='linux-gnueabihf'
host_vendor='unknown'
htmldir='${docdir}'
includedir='${prefix}/include'
infodir='${datarootdir}/info'
install_sh='${SHELL} /home/book/nfs_rootfs/app_code_of_Alon/11_input/02_tslib/tslib-1.21/install-sh'
libdir='${exec_prefix}/lib'
libexecdir='${exec_prefix}/libexec'
localedir='${datarootdir}/locale'
localstatedir='${prefix}/var'
mandir='${datarootdir}/man'
mkdir_p='$(MKDIR_P)'
oldincludedir='/usr/include'
pdfdir='${docdir}'
prefix='/'
program_transform_name='s,x,x,'
psdir='${docdir}'
runstatedir='${localstatedir}/run'
sbindir='${exec_prefix}/sbin'
sharedstatedir='${prefix}/com'
sysconfdir='${prefix}/etc'
target_alias=''

## ----------- ##
## confdefs.h. ##
## ----------- ##

/* confdefs.h */
#define PACKAGE_NAME "tslib"
#define PACKAGE_TARNAME "tslib"
#define PACKAGE_VERSION "1.21"
#define PACKAGE_STRING "tslib 1.21"
#define PACKAGE_BUGREPORT "tslib@lists.infradead.org"
#define PACKAGE_URL "http://tslib.org"
#define PACKAGE "tslib"
#define VERSION "1.21"
#define STDC_HEADERS 1
#define HAVE_SYS_TYPES_H 1
#define HAVE_SYS_STAT_H 1
#define HAVE_STDLIB_H 1
#define HAVE_STRING_H 1
#define HAVE_MEMORY_H 1
#define HAVE_STRINGS_H 1
#define HAVE_INTTYPES_H 1
#define HAVE_STDINT_H 1
#define HAVE_UNISTD_H 1
#define HAVE_DLFCN_H 1
#define LT_OBJDIR ".libs/"
#define HAVE_LIBDL 1
#define HAVE_ALLOCA_H 1
#define HAVE_ALLOCA 1
#define STDC_HEADERS 1
#define HAVE_FCNTL_H 1
#define HAVE_LIMITS_H 1
#define HAVE_STDLIB_H 1
#define HAVE_STRING_H 1
#define HAVE_SYS_IOCTL_H 1
#define HAVE_SYS_TIME_H 1
#define HAVE_UNISTD_H 1
#define HAVE_STDINT_H 1
#define HAVE_SYS_TYPES_H 1
#define HAVE_ERRNO_H 1
#define HAVE_DIRENT_H 1
#define TIME_WITH_SYS_TIME 1
#define HAVE_STDLIB_H 1
#define HAVE_UNISTD_H 1
#define HAVE_SYS_PARAM_H 1
#define HAVE_GETPAGESIZE 1
#define HAVE_SYS_SELECT_H 1
#define HAVE_SYS_SOCKET_H 1
#define SELECT_TYPE_ARG1 int
#define SELECT_TYPE_ARG234 (fd_set *)
#define SELECT_TYPE_ARG5 (struct timeval *)
#define RETSIGTYPE void
#define HAVE_STAT_EMPTY_STRING_BUG 1
#define HAVE_VPRINTF 1
#define HAVE_GETTIMEOFDAY 1
#define HAVE_MEMMOVE 1
#define HAVE_MEMSET 1
#define HAVE_MUNMAP 1
#define HAVE_SELECT 1
#define HAVE_STRCASECMP 1
#define HAVE_STRCHR 1
#define HAVE_STRDUP 1
#define HAVE_STRTOUL 1
#define HAVE_STRTOL 1
#define HAVE_STRSEP 1
#define LIBTS_VERSION_CURRENT 10
#define LIBTS_VERSION_REVISION 3
#define LIBTS_VERSION_AGE 10

configure: exit 0
